C:\USERS\STEF\DOCUMENTS\VISUAL STUDIO 2012\PROJECTS\CLUSTERIZER\CLUSTERIZER\RELEASE\BITMAPHANDLER.OBJ
C:\USERS\STEF\DOCUMENTS\VISUAL STUDIO 2012\PROJECTS\CLUSTERIZER\CLUSTERIZER\RELEASE\MAIN.OBJ
C:\USERS\STEF\DOCUMENTS\VISUAL STUDIO 2012\PROJECTS\CLUSTERIZER\CLUSTERIZER\RELEASE\MIAOUCLUSTER.OBJ
C:\USERS\STEF\DOCUMENTS\VISUAL STUDIO 2012\PROJECTS\CLUSTERIZER\CLUSTERIZER\RELEASE\EASYBMP.OBJ
C:\USERS\STEF\DOCUMENTS\VISUAL STUDIO 2012\PROJECTS\CLUSTERIZER\CLUSTERIZER\RELEASE\VC110.PDB
C:\USERS\STEF\DOCUMENTS\VISUAL STUDIO 2012\PROJECTS\CLUSTERIZER\RELEASE\MIAOUCLUSTER.EXE
C:\USERS\STEF\DOCUMENTS\VISUAL STUDIO 2012\PROJECTS\CLUSTERIZER\RELEASE\MIAOUCLUSTER.PDB
C:\Users\Stef\Documents\Visual Studio 2012\Projects\Clusterizer\Clusterizer\Release\BitmapHandler.obj
C:\Users\Stef\Documents\Visual Studio 2012\Projects\Clusterizer\Clusterizer\Release\EasyBMP.obj
C:\Users\Stef\Documents\Visual Studio 2012\Projects\Clusterizer\Clusterizer\Release\main.obj
C:\Users\Stef\Documents\Visual Studio 2012\Projects\Clusterizer\Clusterizer\Release\MiaouCluster.obj
C:\Users\Stef\Documents\Visual Studio 2012\Projects\Clusterizer\Clusterizer\Release\cl.command.1.tlog
C:\Users\Stef\Documents\Visual Studio 2012\Projects\Clusterizer\Clusterizer\Release\CL.read.1.tlog
C:\Users\Stef\Documents\Visual Studio 2012\Projects\Clusterizer\Clusterizer\Release\CL.write.1.tlog
C:\Users\Stef\Documents\Visual Studio 2012\Projects\Clusterizer\Clusterizer\Release\link-cvtres.read.1.tlog
C:\Users\Stef\Documents\Visual Studio 2012\Projects\Clusterizer\Clusterizer\Release\link-cvtres.write.1.tlog
C:\Users\Stef\Documents\Visual Studio 2012\Projects\Clusterizer\Clusterizer\Release\link-rc.read.1.tlog
C:\Users\Stef\Documents\Visual Studio 2012\Projects\Clusterizer\Clusterizer\Release\link-rc.write.1.tlog
C:\Users\Stef\Documents\Visual Studio 2012\Projects\Clusterizer\Clusterizer\Release\link.command.1.tlog
C:\Users\Stef\Documents\Visual Studio 2012\Projects\Clusterizer\Clusterizer\Release\link.read.1.tlog
C:\Users\Stef\Documents\Visual Studio 2012\Projects\Clusterizer\Clusterizer\Release\link.write.1.tlog
C:\Users\Stef\Documents\Visual Studio 2012\Projects\Clusterizer\Clusterizer\Release\vc110.pdb
C:\Users\Stef\Documents\Visual Studio 2012\Projects\Clusterizer\Release\MiaouCluster.pdb
C:\Users\Stef\Documents\Visual Studio 2012\Projects\Clusterizer\Release\MiaouCluster.exe
